[backblue.gif]
[fade.gif]
[index.html]
[localhost/site1/wordpress/wp-includes/js/jquery/jquery.minf43b.js]
[localhost/site1/wordpress/wp-includes/js/jquery/jquery-migrate.min5589.js]
[localhost/site1/wordpress/wp-content/uploads/2023/11/cropped-cropped-logoFA-32x32.png]
[localhost/site1/wordpress/wp-content/uploads/2023/11/cropped-cropped-logoFA-192x192.png]
[localhost/site1/wordpress/wp-content/uploads/2023/11/cropped-cropped-logoFA-180x180.png]
[localhost/site1/wordpress/wp-content/uploads/2023/11/cropped-logoFA.png]
[localhost/site1/wordpress/wp-content/uploads/2023/11/modelo-de-landing-page-2.jpg]
[localhost/site1/wordpress/wp-content/uploads/2023/11/image6_pagina_epica_landing_page-pt_br-mw-v1.png]
[localhost/site1/wordpress/wp-content/uploads/2023/11/modelos-landing-page-rd-station.jpg]
[localhost/site1/wordpress/wp-content/uploads/2023/11/header.png]
[localhost/site1/wordpress/wp-content/uploads/2023/11/exemplo-landing-page-syhus.png]
[localhost/site1/wordpress/wp-content/plugins/contact-form-7/includes/swv/js/index080f.js]
[localhost/site1/wordpress/wp-content/plugins/contact-form-7/includes/js/index080f.js]
[localhost/site1/wordpress/wp-content/plugins/v-form/assets/js/custom8a54.js]
[localhost/site1/wordpress/wp-includes/js/imagesloaded.minbb93.js]
[localhost/site1/wordpress/wp-content/themes/oceanwp/assets/js/theme.min9d52.js]
[localhost/site1/wordpress/wp-content/themes/oceanwp/assets/js/drop-down-mobile-menu.min9d52.js]
[localhost/site1/wordpress/wp-content/themes/oceanwp/assets/js/vendors/magnific-popup.min9d52.js]
[localhost/site1/wordpress/wp-content/themes/oceanwp/assets/js/ow-lightbox.min9d52.js]
[localhost/site1/wordpress/wp-content/themes/oceanwp/assets/js/vendors/flickity.pkgd.min9d52.js]
[localhost/site1/wordpress/wp-content/themes/oceanwp/assets/js/ow-slider.min9d52.js]
[localhost/site1/wordpress/wp-content/themes/oceanwp/assets/js/scroll-effect.min9d52.js]
[localhost/site1/wordpress/wp-content/themes/oceanwp/assets/js/scroll-top.min9d52.js]
[localhost/site1/wordpress/wp-content/themes/oceanwp/assets/js/select.min9d52.js]
[localhost/site1/wordpress/wp-content/plugins/wp-whatsapp-chat/build/frontend/js/index9ca6.js]
[localhost/site1/wordpress/wp-content/plugins/ocean-social-sharing/assets/js/socialc1b4.js]
[localhost/site1/wordpress/wp-content/plugins/elementor/assets/js/webpack.runtime.min8864.js]
[localhost/site1/wordpress/wp-content/plugins/elementor/assets/js/frontend-modules.min8864.js]
[localhost/site1/wordpress/wp-content/plugins/elementor/assets/lib/waypoints/waypoints.min05da.js]
[localhost/site1/wordpress/wp-includes/js/jquery/ui/core.min3f14.js]
[localhost/site1/wordpress/wp-content/plugins/elementor/assets/js/frontend.min8864.js]
[localhost/site1/wordpress/wp-includes/js/underscore.mind584.js]
[localhost/site1/wordpress/wp-includes/js/wp-util.minaec2.js]
[localhost/site1/wordpress/wp-content/plugins/wpforms-lite/assets/js/integrations/elementor/frontend.minda65.js]
[localhost/site1/wordpress/landing-page/index.html]
[localhost/site1/wordpress/wp-content/plugins/contact-form-7/includes/css/styles080f.css]
[localhost/site1/wordpress/wp-content/plugins/v-form/assets/images/form.png]
[localhost/site1/wordpress/wp-content/plugins/v-form/assets/css/styleaec2.css]
[localhost/site1/wordpress/wp-content/themes/oceanwp/assets/fonts/fontawesome/css/all.min9e0b.css]
[localhost/site1/wordpress/wp-content/themes/oceanwp/assets/css/third/simple-line-icons.min8d5a.css]
[localhost/site1/wordpress/wp-content/themes/oceanwp/assets/css/style.min9d52.css]
[localhost/site1/wordpress/wp-content/plugins/wp-whatsapp-chat/build/frontend/css/styleb4a0.css]
[localhost/site1/wordpress/wp-content/plugins/elementor/assets/lib/eicons/css/elementor-icons.min192d.css]
[localhost/site1/wordpress/wp-content/plugins/elementor/assets/css/frontend-lite.min8864.css]
[localhost/site1/wordpress/wp-content/plugins/elementor/assets/lib/swiper/v8/css/swiper.min94a4.css]
[localhost/site1/wordpress/wp-content/uploads/elementor/css/post-637a2.css]
[localhost/site1/wordpress/wp-content/uploads/2023/11/an-arrow-target-in-the-center-focalised-with-borders-out-of-focal-with-an-arrow-reaching-the-goal-1200x700.jpg]
[localhost/site1/wordpress/wp-content/uploads/elementor/css/post-8857d8a.css]
[localhost/site1/wordpress/wp-content/plugins/ocean-extra/assets/img/instagram-logo.png]
[localhost/site1/wordpress/wp-content/plugins/ocean-extra/assets/img/flickr.png]
[localhost/site1/wordpress/wp-content/plugins/ocean-extra/assets/css/widgetsaec2.css]
[localhost/site1/wordpress/wp-content/plugins/ocean-social-sharing/assets/css/style.minaec2.css]
[localhost/site1/wordpress/wp-content/plugins/elementor/assets/lib/animations/animations.min8864.css]
